sample/build/outputs/logs/manifest-merger-debug-report.txt
-- Merging decision tree log ---
manifest
ADDED from src/main/AndroidManifest.xml:16:1-106:12
INJECTED from src/main/AndroidManifest.xml:16:1-106:12
INJECTED from src/main/AndroidManifest.xml:16:1-106:12
INJECTED from src/main/AndroidManifest.xml:16:1-106:12
MERGED from [:library] AndroidManifest.xml:17:1-26:12
MERGED from [:library2] AndroidManifest.xml:2:1-17:12
MERGED from [com.weiwangcn.betterspinner:library:1.1.0] AndroidManifest.xml:2:1-16:12
MERGED from [:laser-native-editor] AndroidManifest.xml:2:1-19:12
MERGED from [:edittag] AndroidManifest.xml:2:1-17:12
MERGED from [com.github.pchmn:MaterialChipsInput:1.0.8] AndroidManifest.xml:2:1-17:12
MERGED from [com.github.baoyachi:StepView:1.9] AndroidManifest.xml:2:1-17:12
MERGED from [com.layer-net:step-indicator:1.1.0] AndroidManifest.xml:2:1-11:12
MERGED from [com.github.badoualy:stepper-indicator:1.0.7] AndroidManifest.xml:2:1-14:12
MERGED from [com.android.support:design:27.1.1] AndroidManifest.xml:17:1-22:12
MERGED from [com.android.support:appcompat-v7:27.1.1] AndroidManifest.xml:17:1-22:12
MERGED from [com.android.support:cardview-v7:27.1.1] AndroidManifest.xml:17:1-22:12
MERGED from [com.tbruyelle.rxpermissions2:rxpermissions:0.9.3] AndroidManifest.xml:2:1-13:12
MERGED from [com.githang:stepview:0.1] AndroidManifest.xml:2:1-11:12
MERGED from [com.google.android.gms:play-services-places:10.0.1] AndroidManifest.xml:16:1-19:12
MERGED from [com.google.android.gms:play-services-maps:10.0.1] AndroidManifest.xml:16:1-25:12
MERGED from [com.google.android.gms:play-services-location:10.0.1] AndroidManifest.xml:2:1-5:12
MERGED from [com.google.android.gms:play-services-base:10.0.1] AndroidManifest.xml:16:1-21:12
MERGED from [com.google.android.gms:play-services-tasks:10.0.1] AndroidManifest.xml:2:1-5:12
MERGED from [com.google.android.gms:play-services-basement:10.0.1] AndroidManifest.xml:16:1-23:12
MERGED from [com.android.support:support-v4:27.1.1] AndroidManifest.xml:17:1-22:12
MERGED from [com.android.support.constraint:constraint-layout:1.1.0] AndroidManifest.xml:2:1-11:12
MERGED from [com.android.support:recyclerview-v7:27.1.1] AndroidManifest.xml:17:1-22:12
MERGED from [de.hdodenhof:circleimageview:2.2.0] AndroidManifest.xml:2:1-11:12
MERGED from [com.beloo.widget:ChipsLayoutManager:0.3.7] AndroidManifest.xml:2:1-12:12
MERGED from [com.jakewharton:butterknife:8.5.1] AndroidManifest.xml:2:1-7:12
MERGED from [com.android.support:support-fragment:27.1.1] AndroidManifest.xml:17:1-22:12
MERGED from [com.android.support:animated-vector-drawable:27.1.1] AndroidManifest.xml:17:1-22:12
MERGED from [com.android.support:support-core-ui:27.1.1] AndroidManifest.xml:17:1-22:12
MERGED from [com.android.support:support-core-utils:27.1.1] AndroidManifest.xml:17:1-22:12
MERGED from [com.android.support:support-vector-drawable:27.1.1] AndroidManifest.xml:17:1-22:12
MERGED from [com.android.support:transition:27.1.1] AndroidManifest.xml:17:1-22:12
MERGED from [com.android.support:support-media-compat:27.1.1] AndroidManifest.xml:17:1-22:12
MERGED from [com.android.support:support-compat:27.1.1] AndroidManifest.xml:17:1-22:12
MERGED from [android.arch.lifecycle:livedata-core:1.1.0] AndroidManifest.xml:17:1-22:12
MERGED from [android.arch.lifecycle:viewmodel:1.1.0] AndroidManifest.xml:17:1-22:12
MERGED from [android.arch.lifecycle:runtime:1.1.0] AndroidManifest.xml:17:1-22:12
MERGED from [android.arch.core:runtime:1.1.0] AndroidManifest.xml:17:1-22:12
INJECTED from src/main/AndroidManifest.xml:16:1-106:12
INJECTED from src/main/AndroidManifest.xml:16:1-106:12
INJECTED from src/main/AndroidManifest.xml:16:1-106:12
	package
		ADDED from src/main/AndroidManifest.xml:17:5-48
		INJECTED from src/main/AndroidManifest.xml
		INJECTED from src/main/AndroidManifest.xml
	android:versionName
		INJECTED from src/main/AndroidManifest.xml
		ADDED from src/main/AndroidManifest.xml:16:1-106:12
		INJECTED from src/main/AndroidManifest.xml
	android:versionCode
		INJECTED from src/main/AndroidManifest.xml
		ADDED from src/main/AndroidManifest.xml:16:1-106:12
		INJECTED from src/main/AndroidManifest.xml
	xmlns:android
		ADDED from src/main/AndroidManifest.xml:16:11-69
uses-permission#android.permission.INTERNET
ADDED from src/main/AndroidManifest.xml:19:5-67
MERGED from [:laser-native-editor] AndroidManifest.xml:12:5-67
MERGED from [:laser-native-editor] AndroidManifest.xml:12:5-67
MERGED from [com.google.android.gms:play-services-maps:10.0.1] AndroidManifest.xml:20:5-66
MERGED from [com.google.android.gms:play-services-maps:10.0.1] AndroidManifest.xml:20:5-66
	android:name
		ADDED from src/main/AndroidManifest.xml:19:22-64
uses-permission#android.permission.READ_EXTERNAL_STORAGE
ADDED from src/main/AndroidManifest.xml:20:5-80
	android:name
		ADDED from src/main/AndroidManifest.xml:20:22-77
uses-permission#android.permission.WRITE_EXTERNAL_STORAGE
ADDED from src/main/AndroidManifest.xml:21:5-81
	android:name
		ADDED from src/main/AndroidManifest.xml:21:22-78
uses-permission#android.permission.ACCESS_COARSE_LOCATION
ADDED from src/main/AndroidManifest.xml:22:5-81
MERGED from [:laser-native-editor] AndroidManifest.xml:11:5-81
MERGED from [:laser-native-editor] AndroidManifest.xml:11:5-81
	android:name
		ADDED from src/main/AndroidManifest.xml:22:22-78
uses-permission#android.permission.ACCESS_FINE_LOCATION
ADDED from src/main/AndroidManifest.xml:23:5-79
	android:name
		ADDED from src/main/AndroidManifest.xml:23:22-76
uses-permission#android.permission.CALL_PHONE
ADDED from src/main/AndroidManifest.xml:24:5-69
	android:name
		ADDED from src/main/AndroidManifest.xml:24:22-66
uses-permission#android.permission.READ_CONTACTS
ADDED from src/main/AndroidManifest.xml:25:5-72
	android:name
		ADDED from src/main/AndroidManifest.xml:25:22-69
uses-permission#android.permission.READ_PHONE_STATE
ADDED from src/main/AndroidManifest.xml:26:5-75
	android:name
		ADDED from src/main/AndroidManifest.xml:26:22-72
uses-permission#android.permission.MODIFY_AUDIO_SETTINGS
ADDED from src/main/AndroidManifest.xml:27:5-80
	android:name
		ADDED from src/main/AndroidManifest.xml:27:22-77
uses-permission#android.permission.PROCESS_OUTGOING_CALLS
ADDED from src/main/AndroidManifest.xml:28:5-81
	android:name
		ADDED from src/main/AndroidManifest.xml:28:22-78
uses-permission#android.permission.READ_CALL_LOG
ADDED from src/main/AndroidManifest.xml:29:5-72
	android:name
		ADDED from src/main/AndroidManifest.xml:29:22-69
uses-permission#android.permission.WRITE_CALL_LOG
ADDED from src/main/AndroidManifest.xml:30:5-73
	android:name
		ADDED from src/main/AndroidManifest.xml:30:22-70
uses-permission#android.permission.SYSTEM_ALERT_WINDOW
ADDED from src/main/AndroidManifest.xml:31:5-78
	android:name
		ADDED from src/main/AndroidManifest.xml:31:22-75
uses-permission#android.permission.MODIFY_PHONE_STATE
ADDED from src/main/AndroidManifest.xml:32:5-77
	android:name
		ADDED from src/main/AndroidManifest.xml:32:22-74
application
ADDED from src/main/AndroidManifest.xml:34:5-104:19
MERGED from [:library2] AndroidManifest.xml:11:5-15:19
MERGED from [:library2] AndroidManifest.xml:11:5-15:19
MERGED from [com.weiwangcn.betterspinner:library:1.1.0] AndroidManifest.xml:11:5-14:19
MERGED from [com.weiwangcn.betterspinner:library:1.1.0] AndroidManifest.xml:11:5-14:19
MERGED from [:laser-native-editor] AndroidManifest.xml:14:5-17:19
MERGED from [:laser-native-editor] AndroidManifest.xml:14:5-17:19
MERGED from [:edittag] AndroidManifest.xml:11:5-15:19
MERGED from [:edittag] AndroidManifest.xml:11:5-15:19
MERGED from [com.github.pchmn:MaterialChipsInput:1.0.8] AndroidManifest.xml:11:5-15:19
MERGED from [com.github.pchmn:MaterialChipsInput:1.0.8] AndroidManifest.xml:11:5-15:19
MERGED from [com.github.baoyachi:StepView:1.9] AndroidManifest.xml:11:5-15:19
MERGED from [com.github.baoyachi:StepView:1.9] AndroidManifest.xml:11:5-15:19
MERGED from [com.github.badoualy:stepper-indicator:1.0.7] AndroidManifest.xml:12:5-20
MERGED from [com.github.badoualy:stepper-indicator:1.0.7] AndroidManifest.xml:12:5-20
MERGED from [com.tbruyelle.rxpermissions2:rxpermissions:0.9.3] AndroidManifest.xml:11:5-20
MERGED from [com.tbruyelle.rxpermissions2:rxpermissions:0.9.3] AndroidManifest.xml:11:5-20
MERGED from [com.google.android.gms:play-services-places:10.0.1] AndroidManifest.xml:18:5-19
MERGED from [com.google.android.gms:play-services-places:10.0.1] AndroidManifest.xml:18:5-19
MERGED from [com.google.android.gms:play-services-maps:10.0.1] AndroidManifest.xml:24:5-19
MERGED from [com.google.android.gms:play-services-maps:10.0.1] AndroidManifest.xml:24:5-19
MERGED from [com.google.android.gms:play-services-location:10.0.1] AndroidManifest.xml:4:5-19
MERGED from [com.google.android.gms:play-services-location:10.0.1] AndroidManifest.xml:4:5-19
MERGED from [com.google.android.gms:play-services-base:10.0.1] AndroidManifest.xml:18:5-20:19
MERGED from [com.google.android.gms:play-services-base:10.0.1] AndroidManifest.xml:18:5-20:19
MERGED from [com.google.android.gms:play-services-tasks:10.0.1] AndroidManifest.xml:4:5-19
MERGED from [com.google.android.gms:play-services-tasks:10.0.1] AndroidManifest.xml:4:5-19
MERGED from [com.google.android.gms:play-services-basement:10.0.1] AndroidManifest.xml:19:5-21:19
MERGED from [com.google.android.gms:play-services-basement:10.0.1] AndroidManifest.xml:19:5-21:19
MERGED from [com.android.support.constraint:constraint-layout:1.1.0] AndroidManifest.xml:9:5-20
MERGED from [com.android.support.constraint:constraint-layout:1.1.0] AndroidManifest.xml:9:5-20
MERGED from [de.hdodenhof:circleimageview:2.2.0] AndroidManifest.xml:9:5-20
MERGED from [de.hdodenhof:circleimageview:2.2.0] AndroidManifest.xml:9:5-20
	android:supportsRtl
		ADDED from [:library2] AndroidManifest.xml:14:9-35
	android:label
		ADDED from src/main/AndroidManifest.xml:38:9-41
	android:icon
		ADDED from src/main/AndroidManifest.xml:37:9-43
	android:allowBackup
		ADDED from src/main/AndroidManifest.xml:36:9-35
	android:theme
		ADDED from src/main/AndroidManifest.xml:39:9-40
	android:name
		ADDED from src/main/AndroidManifest.xml:35:9-42
receiver#com.woxthebox.draglistview.sample.CallBarring
ADDED from src/main/AndroidManifest.xml:40:9-45:20
	android:name
		ADDED from src/main/AndroidManifest.xml:40:19-46
intent-filter#android.intent.action.NEW_OUTGOING_CALL+android.intent.action.PHONE_STATE
ADDED from src/main/AndroidManifest.xml:41:13-44:29
	android:priority
		ADDED from src/main/AndroidManifest.xml:41:28-49
action#android.intent.action.NEW_OUTGOING_CALL
ADDED from src/main/AndroidManifest.xml:42:17-82
	android:name
		ADDED from src/main/AndroidManifest.xml:42:25-79
action#android.intent.action.PHONE_STATE
ADDED from src/main/AndroidManifest.xml:43:17-76
	android:name
		ADDED from src/main/AndroidManifest.xml:43:25-73
activity#com.woxthebox.draglistview.sample.MainActivity
ADDED from src/main/AndroidManifest.xml:47:9-55:20
	android:label
		ADDED from src/main/AndroidManifest.xml:49:13-45
	android:name
		ADDED from src/main/AndroidManifest.xml:48:13-41
intent-filter#android.intent.action.MAIN+android.intent.category.LAUNCHER
ADDED from src/main/AndroidManifest.xml:50:13-54:29
action#android.intent.action.MAIN
ADDED from src/main/AndroidManifest.xml:51:17-69
	android:name
		ADDED from src/main/AndroidManifest.xml:51:25-66
category#android.intent.category.LAUNCHER
ADDED from src/main/AndroidManifest.xml:53:17-77
	android:name
		ADDED from src/main/AndroidManifest.xml:53:27-74
activity#com.woxthebox.draglistview.sample.contacts.ContactsActivity
ADDED from src/main/AndroidManifest.xml:56:9-59:52
	android:screenOrientation
		ADDED from src/main/AndroidManifest.xml:59:13-49
	android:label
		ADDED from src/main/AndroidManifest.xml:58:13-45
	android:name
		ADDED from src/main/AndroidManifest.xml:57:13-54
activity#com.woxthebox.draglistview.sample.opportunities.OpportunitiesActivity
ADDED from src/main/AndroidManifest.xml:60:9-62:61
	android:screenOrientation
		ADDED from src/main/AndroidManifest.xml:62:13-49
	android:name
		ADDED from src/main/AndroidManifest.xml:61:13-64
activity#com.woxthebox.draglistview.sample.opportunities.StepView
ADDED from src/main/AndroidManifest.xml:63:9-65:61
	android:screenOrientation
		ADDED from src/main/AndroidManifest.xml:65:13-49
	android:name
		ADDED from src/main/AndroidManifest.xml:64:13-51
activity#com.woxthebox.draglistview.sample.relationships.RelationshipActivity
ADDED from src/main/AndroidManifest.xml:66:9-69:52
	android:screenOrientation
		ADDED from src/main/AndroidManifest.xml:69:13-49
	android:label
		ADDED from src/main/AndroidManifest.xml:68:13-50
	android:name
		ADDED from src/main/AndroidManifest.xml:67:13-63
activity#com.woxthebox.draglistview.sample.contacts.EditContactActivity
ADDED from src/main/AndroidManifest.xml:70:9-72:52
	android:screenOrientation
		ADDED from src/main/AndroidManifest.xml:72:13-49
	android:name
		ADDED from src/main/AndroidManifest.xml:71:13-57
activity#com.woxthebox.draglistview.sample.contacts.ViewDetailsActivity
ADDED from src/main/AndroidManifest.xml:73:9-75:52
	android:screenOrientation
		ADDED from src/main/AndroidManifest.xml:75:13-49
	android:name
		ADDED from src/main/AndroidManifest.xml:74:13-57
activity#com.woxthebox.draglistview.sample.contacts.NewContactActivity
ADDED from src/main/AndroidManifest.xml:76:9-78:52
	android:screenOrientation
		ADDED from src/main/AndroidManifest.xml:78:13-49
	android:name
		ADDED from src/main/AndroidManifest.xml:77:13-56
activity#com.woxthebox.draglistview.sample.contacts.ContactsListActivity
ADDED from src/main/AndroidManifest.xml:79:9-82:52
	android:screenOrientation
		ADDED from src/main/AndroidManifest.xml:82:13-49
	android:label
		ADDED from src/main/AndroidManifest.xml:81:13-50
	android:name
		ADDED from src/main/AndroidManifest.xml:80:13-58
activity#com.woxthebox.draglistview.sample.contacts.MeetingActivity
ADDED from src/main/AndroidManifest.xml:83:9-85:52
	android:screenOrientation
		ADDED from src/main/AndroidManifest.xml:85:13-49
	android:name
		ADDED from src/main/AndroidManifest.xml:84:13-53
activity#com.woxthebox.draglistview.sample.edittag.ContactListActivity
ADDED from src/main/AndroidManifest.xml:86:9-65
	android:name
		ADDED from src/main/AndroidManifest.xml:86:19-62
activity#com.woxthebox.draglistview.sample.relationships.ActiveDealsActivity
ADDED from src/main/AndroidManifest.xml:87:9-89:52
	android:screenOrientation
		ADDED from src/main/AndroidManifest.xml:89:13-49
	android:name
		ADDED from src/main/AndroidManifest.xml:88:13-62
activity#com.woxthebox.draglistview.sample.relationships.ActiveDealsDetailsActivity
ADDED from src/main/AndroidManifest.xml:90:9-92:52
	android:screenOrientation
		ADDED from src/main/AndroidManifest.xml:92:13-49
	android:name
		ADDED from src/main/AndroidManifest.xml:91:13-69
activity#com.woxthebox.draglistview.sample.contacts.CallLogDetailsActivity
ADDED from src/main/AndroidManifest.xml:93:9-98:59
	android:windowIsTranslucent
		ADDED from src/main/AndroidManifest.xml:98:13-47
	android:screenOrientation
		ADDED from src/main/AndroidManifest.xml:95:13-49
	android:windowBackground
		ADDED from src/main/AndroidManifest.xml:97:13-66
	android:windowAnimationStyle
		ADDED from src/main/AndroidManifest.xml:96:13-80
	android:name
		ADDED from src/main/AndroidManifest.xml:94:13-60
activity#com.woxthebox.draglistview.sample.relationships.AddQuoteActivity
ADDED from src/main/AndroidManifest.xml:99:9-102:67
	android:screenOrientation
		ADDED from src/main/AndroidManifest.xml:101:13-49
	android:windowSoftInputMode
		ADDED from src/main/AndroidManifest.xml:102:13-55
	android:name
		ADDED from src/main/AndroidManifest.xml:100:13-59
activity#com.woxthebox.draglistview.sample.opportunities.NewOpportunityActivity
ADDED from src/main/AndroidManifest.xml:103:9-83
	android:name
		ADDED from src/main/AndroidManifest.xml:103:19-71
uses-sdk
INJECTED from src/main/AndroidManifest.xml reason: use-sdk injection requested
INJECTED from src/main/AndroidManifest.xml
INJECTED from src/main/AndroidManifest.xml
MERGED from [:library] AndroidManifest.xml:22:5-24:41
MERGED from [:library] AndroidManifest.xml:22:5-24:41
MERGED from [:library2] AndroidManifest.xml:7:5-9:41
MERGED from [:library2] AndroidManifest.xml:7:5-9:41
MERGED from [com.weiwangcn.betterspinner:library:1.1.0] AndroidManifest.xml:7:5-9:41
MERGED from [com.weiwangcn.betterspinner:library:1.1.0] AndroidManifest.xml:7:5-9:41
MERGED from [:laser-native-editor] AndroidManifest.xml:7:5-9:41
MERGED from [:laser-native-editor] AndroidManifest.xml:7:5-9:41
MERGED from [:edittag] AndroidManifest.xml:7:5-9:41
MERGED from [:edittag] AndroidManifest.xml:7:5-9:41
MERGED from [com.github.pchmn:MaterialChipsInput:1.0.8] AndroidManifest.xml:7:5-9:41
MERGED from [com.github.pchmn:MaterialChipsInput:1.0.8] AndroidManifest.xml:7:5-9:41
MERGED from [com.github.baoyachi:StepView:1.9] AndroidManifest.xml:7:5-9:41
MERGED from [com.github.baoyachi:StepView:1.9] AndroidManifest.xml:7:5-9:41
MERGED from [com.layer-net:step-indicator:1.1.0] AndroidManifest.xml:7:5-9:41
MERGED from [com.layer-net:step-indicator:1.1.0] AndroidManifest.xml:7:5-9:41
MERGED from [com.github.badoualy:stepper-indicator:1.0.7] AndroidManifest.xml:8:5-10:41
MERGED from [com.github.badoualy:stepper-indicator:1.0.7] AndroidManifest.xml:8:5-10:41
MERGED from [com.android.support:design:27.1.1] AndroidManifest.xml:20:5-44
MERGED from [com.android.support:design:27.1.1] AndroidManifest.xml:20:5-44
MERGED from [com.android.support:appcompat-v7:27.1.1] AndroidManifest.xml:20:5-44
MERGED from [com.android.support:appcompat-v7:27.1.1] AndroidManifest.xml:20:5-44
MERGED from [com.android.support:cardview-v7:27.1.1] AndroidManifest.xml:20:5-44
MERGED from [com.android.support:cardview-v7:27.1.1] AndroidManifest.xml:20:5-44
MERGED from [com.tbruyelle.rxpermissions2:rxpermissions:0.9.3] AndroidManifest.xml:7:5-9:41
MERGED from [com.tbruyelle.rxpermissions2:rxpermissions:0.9.3] AndroidManifest.xml:7:5-9:41
MERGED from [com.githang:stepview:0.1] AndroidManifest.xml:7:5-9:41
MERGED from [com.githang:stepview:0.1] AndroidManifest.xml:7:5-9:41
MERGED from [com.google.android.gms:play-services-places:10.0.1] AndroidManifest.xml:17:5-42
MERGED from [com.google.android.gms:play-services-places:10.0.1] AndroidManifest.xml:17:5-42
MERGED from [com.google.android.gms:play-services-maps:10.0.1] AndroidManifest.xml:23:5-42
MERGED from [com.google.android.gms:play-services-maps:10.0.1] AndroidManifest.xml:23:5-42
MERGED from [com.google.android.gms:play-services-location:10.0.1] AndroidManifest.xml:3:5-42
MERGED from [com.google.android.gms:play-services-location:10.0.1] AndroidManifest.xml:3:5-42
MERGED from [com.google.android.gms:play-services-base:10.0.1] AndroidManifest.xml:17:5-42
MERGED from [com.google.android.gms:play-services-base:10.0.1] AndroidManifest.xml:17:5-42
MERGED from [com.google.android.gms:play-services-tasks:10.0.1] AndroidManifest.xml:3:5-42
MERGED from [com.google.android.gms:play-services-tasks:10.0.1] AndroidManifest.xml:3:5-42
MERGED from [com.google.android.gms:play-services-basement:10.0.1] AndroidManifest.xml:17:5-42
MERGED from [com.google.android.gms:play-services-basement:10.0.1] AndroidManifest.xml:17:5-42
MERGED from [com.android.support:support-v4:27.1.1] AndroidManifest.xml:20:5-44
MERGED from [com.android.support:support-v4:27.1.1] AndroidManifest.xml:20:5-44
MERGED from [com.android.support.constraint:constraint-layout:1.1.0] AndroidManifest.xml:5:5-7:41
MERGED from [com.android.support.constraint:constraint-layout:1.1.0] AndroidManifest.xml:5:5-7:41
MERGED from [com.android.support:recyclerview-v7:27.1.1] AndroidManifest.xml:20:5-44
MERGED from [com.android.support:recyclerview-v7:27.1.1] AndroidManifest.xml:20:5-44
MERGED from [de.hdodenhof:circleimageview:2.2.0] AndroidManifest.xml:5:5-7:41
MERGED from [de.hdodenhof:circleimageview:2.2.0] AndroidManifest.xml:5:5-7:41
MERGED from [com.beloo.widget:ChipsLayoutManager:0.3.7] AndroidManifest.xml:8:5-10:41
MERGED from [com.beloo.widget:ChipsLayoutManager:0.3.7] AndroidManifest.xml:8:5-10:41
MERGED from [com.jakewharton:butterknife:8.5.1] AndroidManifest.xml:5:5-43
MERGED from [com.jakewharton:butterknife:8.5.1] AndroidManifest.xml:5:5-43
MERGED from [com.android.support:support-fragment:27.1.1] AndroidManifest.xml:20:5-44
MERGED from [com.android.support:support-fragment:27.1.1] AndroidManifest.xml:20:5-44
MERGED from [com.android.support:animated-vector-drawable:27.1.1] AndroidManifest.xml:20:5-44
MERGED from [com.android.support:animated-vector-drawable:27.1.1] AndroidManifest.xml:20:5-44
MERGED from [com.android.support:support-core-ui:27.1.1] AndroidManifest.xml:20:5-44
MERGED from [com.android.support:support-core-ui:27.1.1] AndroidManifest.xml:20:5-44
MERGED from [com.android.support:support-core-utils:27.1.1] AndroidManifest.xml:20:5-44
MERGED from [com.android.support:support-core-utils:27.1.1] AndroidManifest.xml:20:5-44
MERGED from [com.android.support:support-vector-drawable:27.1.1] AndroidManifest.xml:20:5-44
MERGED from [com.android.support:support-vector-drawable:27.1.1] AndroidManifest.xml:20:5-44
MERGED from [com.android.support:transition:27.1.1] AndroidManifest.xml:20:5-44
MERGED from [com.android.support:transition:27.1.1] AndroidManifest.xml:20:5-44
MERGED from [com.android.support:support-media-compat:27.1.1] AndroidManifest.xml:20:5-44
MERGED from [com.android.support:support-media-compat:27.1.1] AndroidManifest.xml:20:5-44
MERGED from [com.android.support:support-compat:27.1.1] AndroidManifest.xml:20:5-44
MERGED from [com.android.support:support-compat:27.1.1] AndroidManifest.xml:20:5-44
MERGED from [android.arch.lifecycle:livedata-core:1.1.0] AndroidManifest.xml:20:5-44
MERGED from [android.arch.lifecycle:livedata-core:1.1.0] AndroidManifest.xml:20:5-44
MERGED from [android.arch.lifecycle:viewmodel:1.1.0] AndroidManifest.xml:20:5-44
MERGED from [android.arch.lifecycle:viewmodel:1.1.0] AndroidManifest.xml:20:5-44
MERGED from [android.arch.lifecycle:runtime:1.1.0] AndroidManifest.xml:20:5-44
MERGED from [android.arch.lifecycle:runtime:1.1.0] AndroidManifest.xml:20:5-44
MERGED from [android.arch.core:runtime:1.1.0] AndroidManifest.xml:20:5-44
MERGED from [android.arch.core:runtime:1.1.0] AndroidManifest.xml:20:5-44
INJECTED from src/main/AndroidManifest.xml
INJECTED from src/main/AndroidManifest.xml
	android:targetSdkVersion
		INJECTED from src/main/AndroidManifest.xml
		ADDED from src/main/AndroidManifest.xml
		INJECTED from src/main/AndroidManifest.xml
	android:minSdkVersion
		INJECTED from src/main/AndroidManifest.xml
		ADDED from src/main/AndroidManifest.xml
		INJECTED from src/main/AndroidManifest.xml
uses-permission#android.permission.ACCESS_NETWORK_STATE
ADDED from [com.google.android.gms:play-services-maps:10.0.1] AndroidManifest.xml:19:5-78
	android:name
		ADDED from [com.google.android.gms:play-services-maps:10.0.1] AndroidManifest.xml:19:22-76
uses-feature#0x00020000
ADDED from [com.google.android.gms:play-services-maps:10.0.1] AndroidManifest.xml:21:5-77
	android:glEsVersion
		ADDED from [com.google.android.gms:play-services-maps:10.0.1] AndroidManifest.xml:21:19-51
	android:required
		ADDED from [com.google.android.gms:play-services-maps:10.0.1] AndroidManifest.xml:21:52-75
activity#com.google.android.gms.common.api.GoogleApiActivity
ADDED from [com.google.android.gms:play-services-base:10.0.1] AndroidManifest.xml:19:9-172
	android:exported
		ADDED from [com.google.android.gms:play-services-base:10.0.1] AndroidManifest.xml:19:146-170
	android:theme
		ADDED from [com.google.android.gms:play-services-base:10.0.1] AndroidManifest.xml:19:86-145
	android:name
		ADDED from [com.google.android.gms:play-services-base:10.0.1] AndroidManifest.xml:19:19-85
meta-data#com.google.android.gms.version
ADDED from [com.google.android.gms:play-services-basement:10.0.1] AndroidManifest.xml:20:9-121
	android:value
		ADDED from [com.google.android.gms:play-services-basement:10.0.1] AndroidManifest.xml:20:66-119
	android:name
		ADDED from [com.google.android.gms:play-services-basement:10.0.1] AndroidManifest.xml:20:20-65